<?xml version="1.0" encoding="UTF-8"?>
<!-- Generated by org.testng.reporters.JUnitReportReporter -->
<testsuite hostname="WKSWUPUN1039" name="runners.PostTestNgRunner" tests="3" failures="0" timestamp="13 Jul 2019 15:47:49 GMT" time="26.900" errors="0">
  <testcase name="feature" time="0.013" classname="runners.PostTestNgRunner"/>
  <testcase name="feature" time="0.001" classname="runners.PostTestNgRunner"/>
  <testcase name="feature" time="26.886" classname="runners.PostTestNgRunner"/>
</testsuite> <!-- runners.PostTestNgRunner -->
