<?xml version="1.0" encoding="UTF-8"?>
<!-- Generated by org.testng.reporters.JUnitReportReporter -->
<testsuite hostname="WKSWUPUN1039" name="runners.ActionsRunner" tests="1" failures="0" timestamp="21 Jul 2019 17:20:16 GMT" time="189.955" errors="0">
  <testcase name="feature" time="189.955" classname="runners.ActionsRunner"/>
</testsuite> <!-- runners.ActionsRunner -->
