<?xml version="1.0" encoding="UTF-8"?>
<!-- Generated by org.testng.reporters.JUnitReportReporter -->
<testsuite hostname="WKSWUPUN1039" name="runners.DataDrivenUsingCucumberRunner" tests="1" failures="0" timestamp="21 Jul 2019 15:15:50 GMT" time="5.813" errors="0">
  <testcase name="feature" time="5.813" classname="runners.DataDrivenUsingCucumberRunner"/>
</testsuite> <!-- runners.DataDrivenUsingCucumberRunner -->
